[www.noxhtrangcat.io.vn/indexc5a4.html]
[backblue.gif]
[fade.gif]
[index.html]
[www.noxhtrangcat.io.vn/index.html]
[w.ladicdn.com_443/606598e311f3750020645a01/bg-nha-o-xa-hoi-trang-cat-20250709113529-mqge1.jpg]
[w.ladicdn.com/v5/source/ladipagev3.min75a4.js]
[w.ladicdn.com/s400x400/606598e311f3750020645a01/5-20250711043112-qrsy6.jpg]
[w.ladicdn.com/s400x400/606598e311f3750020645a01/4-20250711043112-dj0m-.jpg]
[w.ladicdn.com/s400x400/606598e311f3750020645a01/tcbg_happyhome_trangcat_canho-hinh-anh-0-20250710011948-dai-i.jpg]
[w.ladicdn.com/s400x400/606598e311f3750020645a01/tcbg_happyhome_trangcat_canho-hinh-anh-1-20250710012103-th-gc.jpg]
[w.ladicdn.com/s400x400/606598e311f3750020645a01/tcbg_happyhome_trangcat_canho-hinh-anh-2-20250710012103-8wrl3.jpg]
[w.ladicdn.com/s450x450/606598e311f3750020645a01/5-20250709123531-npscr.jpg]
[w.ladicdn.com/s450x450/606598e311f3750020645a01/4-20250709123531-d-je2.jpg]
[w.ladicdn.com/s450x450/606598e311f3750020645a01/3-20250709123531-yjq_w.jpg]
[w.ladicdn.com/s450x450/606598e311f3750020645a01/2-20250709123531-zqwmg.jpg]
[w.ladicdn.com/s450x450/606598e311f3750020645a01/1-20250709123531-8va82.jpg]
[w.ladicdn.com/s400x400/606598e311f3750020645a01/mat-bang-phan-khu-thoi-dai-vinhomes-ocean-park-3-the-crown-20250317080522-bwawk.jpg]
[w.ladicdn.com/s400x400/606598e311f3750020645a01/mat-bang-phan-khu-dai-dang-vinhomes-ocean-park-3-the-crown-20250317080521-bg_iu.jpg]
[w.ladicdn.com/s400x400/606598e311f3750020645a01/mat-bang-phan-khu-vinh-tay-vinhomes-ocean-park-3-the-crown-20250317080522-stkrb.jpg]
[w.ladicdn.com/s400x400/606598e311f3750020645a01/mat-bang-phan-khu-vinh-thien-duong-vinhomes-ocean-park-3-the-crown-20250317080522-ls-tj.jpg]
[w.ladicdn.com/s400x400/606598e311f3750020645a01/mat-bang-phan-khu-vinh-xanh-vinhomes-ocean-park-3-the-crown-20250317080522-xt24t.jpg]
[w.ladicdn.com/s400x400/606598e311f3750020645a01/mat-bang-phan-khu-pho-bien-vinhomes-ocean-park-3-the-crown-20250317080522-v9mla.jpg]
[w.ladicdn.com/s400x400/606598e311f3750020645a01/mat-bang-phan-khu-anh-duong-vinhomes-ocean-park-3-the-crown-20250317080521-qcwpx.jpg]
[w.ladicdn.com/s400x400/606598e311f3750020645a01/mat-bang-phan-khu-dao-ngoc-vinhomes-ocean-park-3-the-crown-20250317080521-u3ppt.jpg]
[w.ladicdn.com/s400x400/606598e311f3750020645a01/z6420147764082_a853f72b3836ac85017752b707ed570b-20250319013851--oqrw.jpg]
[w.ladicdn.com/s400x400/606598e311f3750020645a01/z6420147763967_985d9386cd0f7ab4ad1a4ad1f7c8a2c1-20250319013851-g1dhk.jpg]
[w.ladicdn.com/s400x400/606598e311f3750020645a01/z6420149024684_65302ce757e48034a8f9a16a60c56783-20250319012637-_5bda.jpg]
[w.ladicdn.com/s400x400/606598e311f3750020645a01/z6420149056282_eee201fc20618e134166a373bc28f395-20250319012637-tbiux.jpg]
[w.ladicdn.com/s400x400/606598e311f3750020645a01/z6420149033140_12de69e8261df6ee59276d2253c980a3-20250319012637-any1y.jpg]
[w.ladicdn.com/s400x400/606598e311f3750020645a01/z6420149078470_7275f61e1de599297af4f0117d63d46e-20250319012637-emj8e.jpg]
[w.ladicdn.com/s400x400/606598e311f3750020645a01/z6420147765346_e8e9c769c43d69d1909f2386d2385eb5-20250319013851-8yt8o.jpg]
[img.youtube.com/vi/aEGPlPHkizA/hqdefault.jpg]
[w.ladicdn.com/s350x350/606598e311f3750020645a01/12323-20250318034744-qs1ei.png]
[w.ladicdn.com/s400x400/606598e311f3750020645a01/biet-thu-vinhomes-ocean-park-3-the-crown-hung-yen-02-20250318020441-oerel.jpg]
[w.ladicdn.com/s400x400/606598e311f3750020645a01/biet-thu-song-lap-vinhomes-ocean-park-3-the-crown-20250318020441-x3hqq.jpg]
[w.ladicdn.com/s400x400/606598e311f3750020645a01/biet-thu-song-lap-tang-2-vinhomes-ocean-park-3-the-crown-20250318020441-bpexu.jpg]
[w.ladicdn.com/s400x400/606598e311f3750020645a01/biet-thu-song-lap-tang-3-vinhomes-ocean-park-3-the-crown-20250318020441-illow.jpg]
[w.ladicdn.com/s400x400/606598e311f3750020645a01/biet-thu-song-lap-tang-4-vinhomes-ocean-park-3-the-crown-20250318020441-iupfp.jpg]
[w.ladicdn.com/s400x400/606598e311f3750020645a01/lien-ke-eco-central-park-1-20250318020809-dwcxb.jpg]
[w.ladicdn.com/s400x400/606598e311f3750020645a01/thiet-ke-nha-lien-ke-vinhomes-ocean-park-3-the-crown-20250318020809-cys8z.jpg]
[w.ladicdn.com/s400x400/606598e311f3750020645a01/thiet-ke-nha-lien-ke-tang-2-vinhomes-ocean-park-3-the-crown-20250318020809-6jso-.jpg]
[w.ladicdn.com/s400x400/606598e311f3750020645a01/thiet-ke-nha-lien-ke-tang-3-vinhomes-ocean-park-3-the-crown-20250318020809-zpr7f.jpg]
[w.ladicdn.com/s400x400/606598e311f3750020645a01/thiet-ke-nha-lien-ke-tang-4-vinhomes-ocean-park-3-the-crown-20250318020809-ti1b9.jpg]
[w.ladicdn.com/s700x600/606598e311f3750020645a01/him-lam-an-hong-47-20250709113529-cgpgm.jpg]
[w.ladicdn.com/s400x400/606598e311f3750020645a01/pdf_file_iconsvg-20250326014055-fcbhm.png]
[w.ladicdn.com/s2050x1150/606598e311f3750020645a01/bg-nha-o-xa-hoi-trang-cat-20250709113529-mqge1.jpg]
[w.ladicdn.com/s746x477/606598e311f3750020645a01/bg-nha-o-xa-hoi-trang-cat-20250709113529-mqge1.jpg]
[w.ladicdn.com/s600x550/606598e311f3750020645a01/z6751434334077_cd084d11a3225e9fac57f7ae0ae2cda6-20250629095701-7agly.jpg]
[w.ladicdn.com/s650x600/606598e311f3750020645a01/z6751434226940_a1713bc752ea745b7f6122a5e52397e0-20250629095714-js9xz.jpg]
[w.ladicdn.com/s650x600/606598e311f3750020645a01/z6751434233358_e08cbfb38b9020f75659ab8093cc54c8-20250629095831-rm-eo.jpg]
[w.ladicdn.com/s650x600/606598e311f3750020645a01/z6751434242563_29f06201c128dee439f8757f288d1c61-20250629095810-rupq7.jpg]
[w.ladicdn.com/s1000x750/606598e311f3750020645a01/z6788190482249_3318d027eec2b3a13105eb771345e732-20250709130748-mr2ko.jpg]
[w.ladicdn.com/s700x550/606598e311f3750020645a01/unnamed-20250709024132-y1ixn.png]
[w.ladicdn.com/s750x550/606598e311f3750020645a01/diem-nhan-3-20250709115713-ujsaf.jpg]
[w.ladicdn.com/s700x550/606598e311f3750020645a01/tien-ich-vinhomes-the-empire-4-20220423104417-20250629101348-0oedk.jpg]
[w.ladicdn.com/s700x550/606598e311f3750020645a01/khu-vui-choi-tre-em-chung-cu-panorama-hoang-van-thu-hoang-mai-20250709120509-oqwne.jpg]
[w.ladicdn.com/s700x550/606598e311f3750020645a01/z6790813598579_64773734266d90a3987c71562c049d0b-20250711021053-jaiun.jpg]
[w.ladicdn.com/s750x550/606598e311f3750020645a01/images-20250709120345-ey1ze.jpg]
[w.ladicdn.com/s1500x1000/606598e311f3750020645a01/5-20250711043112-qrsy6.jpg]
[w.ladicdn.com/s1500x1000/606598e311f3750020645a01/4-20250711043112-dj0m-.jpg]
[w.ladicdn.com/s1000x1150/606598e311f3750020645a01/tcbg_happyhome_trangcat_canho-hinh-anh-0-20250710011948-dai-i.jpg]
[w.ladicdn.com/s1000x1150/606598e311f3750020645a01/tcbg_happyhome_trangcat_canho-hinh-anh-1-20250710012103-th-gc.jpg]
[w.ladicdn.com/s1000x1150/606598e311f3750020645a01/tcbg_happyhome_trangcat_canho-hinh-anh-2-20250710012103-8wrl3.jpg]
[w.ladicdn.com/s1550x1050/606598e311f3750020645a01/5-20250709123531-npscr.jpg]
[w.ladicdn.com/s1550x1050/606598e311f3750020645a01/4-20250709123531-d-je2.jpg]
[w.ladicdn.com/s1550x1050/606598e311f3750020645a01/3-20250709123531-yjq_w.jpg]
[w.ladicdn.com/s1550x1050/606598e311f3750020645a01/2-20250709123531-zqwmg.jpg]
[w.ladicdn.com/s1550x1050/606598e311f3750020645a01/1-20250709123531-8va82.jpg]
[w.ladicdn.com/s1300x900/606598e311f3750020645a01/mat-bang-phan-khu-thoi-dai-vinhomes-ocean-park-3-the-crown-20250317080522-bwawk.jpg]
[w.ladicdn.com/s1300x900/606598e311f3750020645a01/mat-bang-phan-khu-dai-dang-vinhomes-ocean-park-3-the-crown-20250317080521-bg_iu.jpg]
[w.ladicdn.com/s1300x900/606598e311f3750020645a01/mat-bang-phan-khu-vinh-tay-vinhomes-ocean-park-3-the-crown-20250317080522-stkrb.jpg]
[w.ladicdn.com/s1300x900/606598e311f3750020645a01/mat-bang-phan-khu-vinh-thien-duong-vinhomes-ocean-park-3-the-crown-20250317080522-ls-tj.jpg]
[w.ladicdn.com/s1300x900/606598e311f3750020645a01/mat-bang-phan-khu-vinh-xanh-vinhomes-ocean-park-3-the-crown-20250317080522-xt24t.jpg]
[w.ladicdn.com/s1300x900/606598e311f3750020645a01/mat-bang-phan-khu-pho-bien-vinhomes-ocean-park-3-the-crown-20250317080522-v9mla.jpg]
[w.ladicdn.com/s1300x900/606598e311f3750020645a01/mat-bang-phan-khu-anh-duong-vinhomes-ocean-park-3-the-crown-20250317080521-qcwpx.jpg]
[w.ladicdn.com/s1300x900/606598e311f3750020645a01/mat-bang-phan-khu-dao-ngoc-vinhomes-ocean-park-3-the-crown-20250317080521-u3ppt.jpg]
[w.ladicdn.com/s1100x900/606598e311f3750020645a01/z6420147764082_a853f72b3836ac85017752b707ed570b-20250319013851--oqrw.jpg]
[w.ladicdn.com/s1100x900/606598e311f3750020645a01/z6420147763967_985d9386cd0f7ab4ad1a4ad1f7c8a2c1-20250319013851-g1dhk.jpg]
[w.ladicdn.com/s1100x900/606598e311f3750020645a01/z6420149024684_65302ce757e48034a8f9a16a60c56783-20250319012637-_5bda.jpg]
[w.ladicdn.com/s1100x900/606598e311f3750020645a01/z6420149056282_eee201fc20618e134166a373bc28f395-20250319012637-tbiux.jpg]
[w.ladicdn.com/s1100x900/606598e311f3750020645a01/z6420149033140_12de69e8261df6ee59276d2253c980a3-20250319012637-any1y.jpg]
[w.ladicdn.com/s1100x900/606598e311f3750020645a01/z6420149078470_7275f61e1de599297af4f0117d63d46e-20250319012637-emj8e.jpg]
[w.ladicdn.com/s1100x900/606598e311f3750020645a01/z6420147765346_e8e9c769c43d69d1909f2386d2385eb5-20250319013851-8yt8o.jpg]
[w.ladicdn.com/s850x950/606598e311f3750020645a01/10-gia-tri-vinh-cuu-vinhomes-ocean-park-3-the-crown-20250318015212--bipu.jpg]
[w.ladicdn.com/s900x750/606598e311f3750020645a01/biet-thu-vinhomes-ocean-park-3-the-crown-hung-yen-02-20250318020441-oerel.jpg]
[w.ladicdn.com/s900x750/606598e311f3750020645a01/biet-thu-song-lap-vinhomes-ocean-park-3-the-crown-20250318020441-x3hqq.jpg]
[w.ladicdn.com/s900x750/606598e311f3750020645a01/biet-thu-song-lap-tang-2-vinhomes-ocean-park-3-the-crown-20250318020441-bpexu.jpg]
[w.ladicdn.com/s900x750/606598e311f3750020645a01/biet-thu-song-lap-tang-3-vinhomes-ocean-park-3-the-crown-20250318020441-illow.jpg]
[w.ladicdn.com/s900x750/606598e311f3750020645a01/biet-thu-song-lap-tang-4-vinhomes-ocean-park-3-the-crown-20250318020441-iupfp.jpg]
[w.ladicdn.com/s950x750/606598e311f3750020645a01/lien-ke-eco-central-park-1-20250318020809-dwcxb.jpg]
[w.ladicdn.com/s950x750/606598e311f3750020645a01/thiet-ke-nha-lien-ke-vinhomes-ocean-park-3-the-crown-20250318020809-cys8z.jpg]
[w.ladicdn.com/s950x750/606598e311f3750020645a01/thiet-ke-nha-lien-ke-tang-2-vinhomes-ocean-park-3-the-crown-20250318020809-6jso-.jpg]
[w.ladicdn.com/s950x750/606598e311f3750020645a01/thiet-ke-nha-lien-ke-tang-3-vinhomes-ocean-park-3-the-crown-20250318020809-zpr7f.jpg]
[w.ladicdn.com/s950x750/606598e311f3750020645a01/thiet-ke-nha-lien-ke-tang-4-vinhomes-ocean-park-3-the-crown-20250318020809-ti1b9.jpg]
[w.ladicdn.com/s950x650/606598e311f3750020645a01/shophouse-vinhomes-ocean-park-3-the-crown-hung-yen-20250318021256-bm4s0.jpg]
[w.ladicdn.com/s1050x800/606598e311f3750020645a01/1-pn-20250806085347-qvnqe.jpg]
[w.ladicdn.com/s1100x750/606598e311f3750020645a01/2pn-20250806085347-ctppm.jpg]
[w.ladicdn.com/s1000x750/606598e311f3750020645a01/3pn-20250806085348-an8z4.jpg]
[w.ladicdn.com/s1150x800/606598e311f3750020645a01/stu-20250806085348-sz52s.jpg]
[w.ladicdn.com/s700x600/606598e311f3750020645a01/bg-nha-o-xa-hoi-trang-cat-20250709113529-mqge1.jpg]
[w.ladicdn.com/s500x450/606598e311f3750020645a01/excel-logo-8033473_960_720-20250326014055-qpohj.png]
[w.ladicdn.com/s950x750/606598e311f3750020645a01/him-lam-an-hong-47-20250709113529-cgpgm.jpg]
[w.ladicdn.com/s750x550/606598e311f3750020645a01/bg-nha-o-xa-hoi-trang-cat-20250709113529-mqge1.jpg]
[w.ladicdn.com/s420x336/606598e311f3750020645a01/bg-nha-o-xa-hoi-trang-cat-20250709113529-mqge1.jpg]
[w.ladicdn.com/s550x500/606598e311f3750020645a01/z6751434334077_cd084d11a3225e9fac57f7ae0ae2cda6-20250629095701-7agly.jpg]
[w.ladicdn.com/s550x500/606598e311f3750020645a01/z6751434226940_a1713bc752ea745b7f6122a5e52397e0-20250629095714-js9xz.jpg]
[w.ladicdn.com/s550x500/606598e311f3750020645a01/z6751434233358_e08cbfb38b9020f75659ab8093cc54c8-20250629095831-rm-eo.jpg]
[w.ladicdn.com/s750x600/606598e311f3750020645a01/z6788190482249_3318d027eec2b3a13105eb771345e732-20250709130748-mr2ko.jpg]
[w.ladicdn.com/s550x500/606598e311f3750020645a01/z6751434242563_29f06201c128dee439f8757f288d1c61-20250629095810-rupq7.jpg]
[w.ladicdn.com/s550x450/606598e311f3750020645a01/unnamed-20250709024132-y1ixn.png]
[w.ladicdn.com/s550x450/606598e311f3750020645a01/diem-nhan-3-20250709115713-ujsaf.jpg]
[w.ladicdn.com/s550x450/606598e311f3750020645a01/tien-ich-vinhomes-the-empire-4-20220423104417-20250629101348-0oedk.jpg]
[w.ladicdn.com/s550x450/606598e311f3750020645a01/khu-vui-choi-tre-em-chung-cu-panorama-hoang-van-thu-hoang-mai-20250709120509-oqwne.jpg]
[w.ladicdn.com/s550x450/606598e311f3750020645a01/z6790813598579_64773734266d90a3987c71562c049d0b-20250711021053-jaiun.jpg]
[w.ladicdn.com/s550x450/606598e311f3750020645a01/images-20250709120345-ey1ze.jpg]
[w.ladicdn.com/s750x600/606598e311f3750020645a01/5-20250711043112-qrsy6.jpg]
[w.ladicdn.com/s750x600/606598e311f3750020645a01/4-20250711043112-dj0m-.jpg]
[w.ladicdn.com/s750x850/606598e311f3750020645a01/tcbg_happyhome_trangcat_canho-hinh-anh-0-20250710011948-dai-i.jpg]
[w.ladicdn.com/s750x850/606598e311f3750020645a01/tcbg_happyhome_trangcat_canho-hinh-anh-1-20250710012103-th-gc.jpg]
[w.ladicdn.com/s750x850/606598e311f3750020645a01/tcbg_happyhome_trangcat_canho-hinh-anh-2-20250710012103-8wrl3.jpg]
[w.ladicdn.com/s750x700/606598e311f3750020645a01/5-20250709123531-npscr.jpg]
[w.ladicdn.com/s750x700/606598e311f3750020645a01/4-20250709123531-d-je2.jpg]
[w.ladicdn.com/s750x700/606598e311f3750020645a01/3-20250709123531-yjq_w.jpg]
[w.ladicdn.com/s750x700/606598e311f3750020645a01/2-20250709123531-zqwmg.jpg]
[w.ladicdn.com/s750x700/606598e311f3750020645a01/1-20250709123531-8va82.jpg]
[w.ladicdn.com/s750x600/606598e311f3750020645a01/mat-bang-phan-khu-thoi-dai-vinhomes-ocean-park-3-the-crown-20250317080522-bwawk.jpg]
[w.ladicdn.com/s750x600/606598e311f3750020645a01/mat-bang-phan-khu-dai-dang-vinhomes-ocean-park-3-the-crown-20250317080521-bg_iu.jpg]
[w.ladicdn.com/s750x600/606598e311f3750020645a01/mat-bang-phan-khu-vinh-tay-vinhomes-ocean-park-3-the-crown-20250317080522-stkrb.jpg]
[w.ladicdn.com/s750x600/606598e311f3750020645a01/mat-bang-phan-khu-vinh-thien-duong-vinhomes-ocean-park-3-the-crown-20250317080522-ls-tj.jpg]
[w.ladicdn.com/s750x600/606598e311f3750020645a01/mat-bang-phan-khu-vinh-xanh-vinhomes-ocean-park-3-the-crown-20250317080522-xt24t.jpg]
[w.ladicdn.com/s750x600/606598e311f3750020645a01/mat-bang-phan-khu-pho-bien-vinhomes-ocean-park-3-the-crown-20250317080522-v9mla.jpg]
[w.ladicdn.com/s750x600/606598e311f3750020645a01/mat-bang-phan-khu-anh-duong-vinhomes-ocean-park-3-the-crown-20250317080521-qcwpx.jpg]
[w.ladicdn.com/s750x600/606598e311f3750020645a01/mat-bang-phan-khu-dao-ngoc-vinhomes-ocean-park-3-the-crown-20250317080521-u3ppt.jpg]
[w.ladicdn.com/s750x550/606598e311f3750020645a01/z6420147764082_a853f72b3836ac85017752b707ed570b-20250319013851--oqrw.jpg]
[w.ladicdn.com/s750x550/606598e311f3750020645a01/z6420147763967_985d9386cd0f7ab4ad1a4ad1f7c8a2c1-20250319013851-g1dhk.jpg]
[w.ladicdn.com/s750x550/606598e311f3750020645a01/z6420149024684_65302ce757e48034a8f9a16a60c56783-20250319012637-_5bda.jpg]
[w.ladicdn.com/s750x550/606598e311f3750020645a01/z6420149056282_eee201fc20618e134166a373bc28f395-20250319012637-tbiux.jpg]
[w.ladicdn.com/s750x550/606598e311f3750020645a01/z6420149033140_12de69e8261df6ee59276d2253c980a3-20250319012637-any1y.jpg]
[w.ladicdn.com/s750x550/606598e311f3750020645a01/z6420149078470_7275f61e1de599297af4f0117d63d46e-20250319012637-emj8e.jpg]
[w.ladicdn.com/s750x550/606598e311f3750020645a01/z6420147765346_e8e9c769c43d69d1909f2386d2385eb5-20250319013851-8yt8o.jpg]
[w.ladicdn.com/s750x800/606598e311f3750020645a01/10-gia-tri-vinh-cuu-vinhomes-ocean-park-3-the-crown-20250318015212--bipu.jpg]
[w.ladicdn.com/s750x600/606598e311f3750020645a01/biet-thu-vinhomes-ocean-park-3-the-crown-hung-yen-02-20250318020441-oerel.jpg]
[w.ladicdn.com/s750x600/606598e311f3750020645a01/biet-thu-song-lap-vinhomes-ocean-park-3-the-crown-20250318020441-x3hqq.jpg]
[w.ladicdn.com/s750x600/606598e311f3750020645a01/biet-thu-song-lap-tang-2-vinhomes-ocean-park-3-the-crown-20250318020441-bpexu.jpg]
[w.ladicdn.com/s750x600/606598e311f3750020645a01/biet-thu-song-lap-tang-3-vinhomes-ocean-park-3-the-crown-20250318020441-illow.jpg]
[w.ladicdn.com/s750x600/606598e311f3750020645a01/biet-thu-song-lap-tang-4-vinhomes-ocean-park-3-the-crown-20250318020441-iupfp.jpg]
[w.ladicdn.com/s750x600/606598e311f3750020645a01/lien-ke-eco-central-park-1-20250318020809-dwcxb.jpg]
[w.ladicdn.com/s750x600/606598e311f3750020645a01/thiet-ke-nha-lien-ke-vinhomes-ocean-park-3-the-crown-20250318020809-cys8z.jpg]
[w.ladicdn.com/s750x600/606598e311f3750020645a01/thiet-ke-nha-lien-ke-tang-2-vinhomes-ocean-park-3-the-crown-20250318020809-6jso-.jpg]
[w.ladicdn.com/s750x600/606598e311f3750020645a01/thiet-ke-nha-lien-ke-tang-3-vinhomes-ocean-park-3-the-crown-20250318020809-zpr7f.jpg]
[w.ladicdn.com/s750x600/606598e311f3750020645a01/thiet-ke-nha-lien-ke-tang-4-vinhomes-ocean-park-3-the-crown-20250318020809-ti1b9.jpg]
[w.ladicdn.com/s750x550/606598e311f3750020645a01/shophouse-vinhomes-ocean-park-3-the-crown-hung-yen-20250318021256-bm4s0.jpg]
[w.ladicdn.com/s750x600/606598e311f3750020645a01/1-pn-20250806085347-qvnqe.jpg]
[w.ladicdn.com/s750x600/606598e311f3750020645a01/2pn-20250806085347-ctppm.jpg]
[w.ladicdn.com/s750x600/606598e311f3750020645a01/3pn-20250806085348-an8z4.jpg]
[w.ladicdn.com/s750x550/606598e311f3750020645a01/stu-20250806085348-sz52s.jpg]
[w.ladicdn.com/s700x550/606598e311f3750020645a01/bg-nha-o-xa-hoi-trang-cat-20250709113529-mqge1.jpg]
[w.ladicdn.com/s450x400/606598e311f3750020645a01/excel-logo-8033473_960_720-20250326014055-qpohj.png]
[g.ladicdn.com/tracking/606598e311f3750020645a01-67da36eb9da9f0002b15f709.js]
[www.noxhtrangcat.io.vn/indexc5a4.html]
[www.noxhtrangcat.io.vn/index.html]
